<?xml version="1.0" encoding="UTF-8" ?>
<testsuite tests="19" failures="0" name="com.nixsolutions.laboratorysixteen.dao.hibernate.HibernateUserDaoImplTest" time="0.381" errors="0" skipped="0">
  <properties>
    <property name="java.runtime.name" value="Java(TM) SE Runtime Environment"/>
    <property name="sun.boot.library.path" value="/Library/Java/JavaVirtualMachines/jdk1.8.0_131.jdk/Contents/Home/jre/lib"/>
    <property name="java.vm.version" value="25.131-b11"/>
    <property name="user.country.format" value="UA"/>
    <property name="gopherProxySet" value="false"/>
    <property name="java.vm.vendor" value="Oracle Corporation"/>
    <property name="maven.multiModuleProjectDirectory" value="/Users/grigoriy/Documents/workspace/laboratorysixteen"/>
    <property name="java.vendor.url" value="http://java.oracle.com/"/>
    <property name="path.separator" value=":"/>
    <property name="guice.disable.misplaced.annotation.check" value="true"/>
    <property name="java.vm.name" value="Java HotSpot(TM) 64-Bit Server VM"/>
    <property name="file.encoding.pkg" value="sun.io"/>
    <property name="user.country" value="US"/>
    <property name="sun.java.launcher" value="SUN_STANDARD"/>
    <property name="sun.os.patch.level" value="unknown"/>
    <property name="java.vm.specification.name" value="Java Virtual Machine Specification"/>
    <property name="user.dir" value="/Users/grigoriy/Documents/workspace/laboratorysixteen"/>
    <property name="java.runtime.version" value="1.8.0_131-b11"/>
    <property name="java.awt.graphicsenv" value="sun.awt.CGraphicsEnvironment"/>
    <property name="java.endorsed.dirs" value="/Library/Java/JavaVirtualMachines/jdk1.8.0_131.jdk/Contents/Home/jre/lib/endorsed"/>
    <property name="os.arch" value="x86_64"/>
    <property name="java.io.tmpdir" value="/var/folders/tp/192c_fzd66db2g8bvfn_mks80000gn/T/"/>
    <property name="line.separator" value="
"/>
    <property name="java.vm.specification.vendor" value="Oracle Corporation"/>
    <property name="os.name" value="Mac OS X"/>
    <property name="net.sourceforge.cobertura.datafile" value="/Users/grigoriy/Documents/workspace/laboratorysixteen/target/cobertura/cobertura.ser"/>
    <property name="classworlds.conf" value="/usr/local/Cellar/maven/3.5.0/libexec/bin/m2.conf"/>
    <property name="sun.jnu.encoding" value="UTF-8"/>
    <property name="java.library.path" value="/Users/grigoriy/Library/Java/Extensions:/Library/Java/Extensions:/Network/Library/Java/Extensions:/System/Library/Java/Extensions:/usr/lib/java:."/>
    <property name="maven.conf" value="/usr/local/Cellar/maven/3.5.0/libexec/conf"/>
    <property name="java.specification.name" value="Java Platform API Specification"/>
    <property name="java.class.version" value="52.0"/>
    <property name="sun.management.compiler" value="HotSpot 64-Bit Tiered Compilers"/>
    <property name="os.version" value="10.12.6"/>
    <property name="http.nonProxyHosts" value="local|*.local|169.254/16|*.169.254/16"/>
    <property name="library.jansi.path" value="/usr/local/Cellar/maven/3.5.0/libexec/lib/jansi-native/osx64"/>
    <property name="user.home" value="/Users/grigoriy"/>
    <property name="user.timezone" value="Europe/Kiev"/>
    <property name="java.awt.printerjob" value="sun.lwawt.macosx.CPrinterJob"/>
    <property name="java.specification.version" value="1.8"/>
    <property name="file.encoding" value="UTF-8"/>
    <property name="user.name" value="grigoriy"/>
    <property name="java.class.path" value="/usr/local/Cellar/maven/3.5.0/libexec/boot/plexus-classworlds-2.5.2.jar"/>
    <property name="java.vm.specification.version" value="1.8"/>
    <property name="sun.arch.data.model" value="64"/>
    <property name="java.home" value="/Library/Java/JavaVirtualMachines/jdk1.8.0_131.jdk/Contents/Home/jre"/>
    <property name="sun.java.command" value="org.codehaus.plexus.classworlds.launcher.Launcher clean package"/>
    <property name="java.specification.vendor" value="Oracle Corporation"/>
    <property name="user.language" value="en"/>
    <property name="awt.toolkit" value="sun.lwawt.macosx.LWCToolkit"/>
    <property name="java.vm.info" value="mixed mode"/>
    <property name="java.version" value="1.8.0_131"/>
    <property name="java.ext.dirs" value="/Users/grigoriy/Library/Java/Extensions:/Library/Java/JavaVirtualMachines/jdk1.8.0_131.jdk/Contents/Home/jre/lib/ext:/Library/Java/Extensions:/Network/Library/Java/Extensions:/System/Library/Java/Extensions:/usr/lib/java"/>
    <property name="sun.boot.class.path" value="/Library/Java/JavaVirtualMachines/jdk1.8.0_131.jdk/Contents/Home/jre/lib/resources.jar:/Library/Java/JavaVirtualMachines/jdk1.8.0_131.jdk/Contents/Home/jre/lib/rt.jar:/Library/Java/JavaVirtualMachines/jdk1.8.0_131.jdk/Contents/Home/jre/lib/sunrsasign.jar:/Library/Java/JavaVirtualMachines/jdk1.8.0_131.jdk/Contents/Home/jre/lib/jsse.jar:/Library/Java/JavaVirtualMachines/jdk1.8.0_131.jdk/Contents/Home/jre/lib/jce.jar:/Library/Java/JavaVirtualMachines/jdk1.8.0_131.jdk/Contents/Home/jre/lib/charsets.jar:/Library/Java/JavaVirtualMachines/jdk1.8.0_131.jdk/Contents/Home/jre/lib/jfr.jar:/Library/Java/JavaVirtualMachines/jdk1.8.0_131.jdk/Contents/Home/jre/classes"/>
    <property name="java.vendor" value="Oracle Corporation"/>
    <property name="maven.home" value="/usr/local/Cellar/maven/3.5.0/libexec"/>
    <property name="file.separator" value="/"/>
    <property name="java.vendor.url.bug" value="http://bugreport.sun.com/bugreport/"/>
    <property name="sun.cpu.endian" value="little"/>
    <property name="sun.io.unicode.encoding" value="UnicodeBig"/>
    <property name="project.build.outputDirectory" value="/Users/grigoriy/Documents/workspace/laboratorysixteen/target/generated-classes/cobertura"/>
    <property name="socksNonProxyHosts" value="local|*.local|169.254/16|*.169.254/16"/>
    <property name="ftp.nonProxyHosts" value="local|*.local|169.254/16|*.169.254/16"/>
    <property name="sun.cpu.isalist" value=""/>
  </properties>
  <testcase classname="com.nixsolutions.laboratorysixteen.dao.hibernate.HibernateUserDaoImplTest" name="getAllUsersTest" time="0.075"/>
  <testcase classname="com.nixsolutions.laboratorysixteen.dao.hibernate.HibernateUserDaoImplTest" name="findRoleByIdNullTest" time="0.018"/>
  <testcase classname="com.nixsolutions.laboratorysixteen.dao.hibernate.HibernateUserDaoImplTest" name="getUserByEmailTest" time="0.018"/>
  <testcase classname="com.nixsolutions.laboratorysixteen.dao.hibernate.HibernateUserDaoImplTest" name="getUserByLoginNoSuchLoginTest" time="0.014"/>
  <testcase classname="com.nixsolutions.laboratorysixteen.dao.hibernate.HibernateUserDaoImplTest" name="findRoleByIdTest" time="0.013"/>
  <testcase classname="com.nixsolutions.laboratorysixteen.dao.hibernate.HibernateUserDaoImplTest" name="createUserNullTest" time="0.01"/>
  <testcase classname="com.nixsolutions.laboratorysixteen.dao.hibernate.HibernateUserDaoImplTest" name="getUserByLoginTest" time="0.015"/>
  <testcase classname="com.nixsolutions.laboratorysixteen.dao.hibernate.HibernateUserDaoImplTest" name="updateUserNoSuchUserTest" time="0.028"/>
  <testcase classname="com.nixsolutions.laboratorysixteen.dao.hibernate.HibernateUserDaoImplTest" name="deleteUserNullTest" time="0.014"/>
  <testcase classname="com.nixsolutions.laboratorysixteen.dao.hibernate.HibernateUserDaoImplTest" name="getUserByEmailNullTest" time="0.011"/>
  <testcase classname="com.nixsolutions.laboratorysixteen.dao.hibernate.HibernateUserDaoImplTest" name="updateUserTest" time="0.027"/>
  <testcase classname="com.nixsolutions.laboratorysixteen.dao.hibernate.HibernateUserDaoImplTest" name="updateUserNullTest" time="0.012"/>
  <testcase classname="com.nixsolutions.laboratorysixteen.dao.hibernate.HibernateUserDaoImplTest" name="createUserTest" time="0.031"/>
  <testcase classname="com.nixsolutions.laboratorysixteen.dao.hibernate.HibernateUserDaoImplTest" name="isPasswordExistTest" time="0.02"/>
  <testcase classname="com.nixsolutions.laboratorysixteen.dao.hibernate.HibernateUserDaoImplTest" name="isPasswordExistFalseTest" time="0.012"/>
  <testcase classname="com.nixsolutions.laboratorysixteen.dao.hibernate.HibernateUserDaoImplTest" name="findRoleByIdNoSuchRoleTest" time="0.016"/>
  <testcase classname="com.nixsolutions.laboratorysixteen.dao.hibernate.HibernateUserDaoImplTest" name="getUserByLoginNullTest" time="0.009"/>
  <testcase classname="com.nixsolutions.laboratorysixteen.dao.hibernate.HibernateUserDaoImplTest" name="getUserByEmailNoSuchEmailTest" time="0.016"/>
  <testcase classname="com.nixsolutions.laboratorysixteen.dao.hibernate.HibernateUserDaoImplTest" name="deleteUserTest" time="0.022"/>
</testsuite>